# JRE version: OpenJDK Runtime Environment Temurin-17.0.13+11 (17.0.13+11) (build 17.0.13+11)
# Java VM: OpenJDK 64-Bit Server VM Temurin-17.0.13+11 (17.0.13+11, mixed mode, tiered, compressed oops, compressed class ptrs, parallel gc, windows-amd64)
GC Precious Log:
 CPUs: 8 total, 8 available
 Memory: 7934M
 Large Page Support: Disabled
 NUMA Support: Disabled
 Compressed Oops: Enabled (32-bit)
 Alignments: Space 512K, Generation 512K, Heap 2M
 Heap Min Capacity: 100M
 Heap Initial Capacity: 100M
 Heap Max Capacity: 1G
 Pre-touch: Disabled
 Parallel Workers: 8
Heap:
 PSYoungGen      total 10240K, used 10051K [0x00000000eab00000, 0x00000000ebc00000, 0x0000000100000000)
  eden space 6656K, 100% used [0x00000000eab00000,0x00000000eb180000,0x00000000eb180000)
  from space 3584K, 94% used [0x00000000eb180000,0x00000000eb4d0cc0,0x00000000eb500000)
  to   space 4608K, 70% used [0x00000000eb780000,0x00000000ebaafec0,0x00000000ebc00000)
 ParOldGen       total 119296K, used 116098K [0x00000000c0000000, 0x00000000c7480000, 0x00000000eab00000)
  object space 119296K, 97% used [0x00000000c0000000,0x00000000c7160910,0x00000000c7480000)
 Metaspace       used 99074K, committed 100480K, reserved 1179648K
  class space    used 10119K, committed 10752K, reserved 1048576K
GC Heap History (20 events):
Event: 5013.556 GC heap after
{Heap after GC invocations=2287 (full 53):
 PSYoungGen      total 7680K, used 325K [0x00000000eab00000, 0x00000000eb500000, 0x0000000100000000)
  eden space 7168K, 0% used [0x00000000eab00000,0x00000000eab00000,0x00000000eb200000)
  from space 512K, 63% used [0x00000000eb480000,0x00000000eb4d1798,0x00000000eb500000)
  to   space 1536K, 0% used [0x00000000eb200000,0x00000000eb200000,0x00000000eb380000)
 ParOldGen       total 119296K, used 103043K [0x00000000c0000000, 0x00000000c7480000, 0x00000000eab00000)
  object space 119296K, 86% used [0x00000000c0000000,0x00000000c64a0e38,0x00000000c7480000)
 Metaspace       used 99060K, committed 100480K, reserved 1179648K
  class space    used 10119K, committed 10752K, reserved 1048576K
}
Event: 5013.562 GC heap before
{Heap before GC invocations=2288 (full 53):
 PSYoungGen      total 7680K, used 7449K [0x00000000eab00000, 0x00000000eb500000, 0x0000000100000000)
  eden space 7168K, 99% used [0x00000000eab00000,0x00000000eb1f4f08,0x00000000eb200000)
  from space 512K, 63% used [0x00000000eb480000,0x00000000eb4d1798,0x00000000eb500000)
  to   space 1536K, 0% used [0x00000000eb200000,0x00000000eb200000,0x00000000eb380000)
 ParOldGen       total 119296K, used 103043K [0x00000000c0000000, 0x00000000c7480000, 0x00000000eab00000)
  object space 119296K, 86% used [0x00000000c0000000,0x00000000c64a0e38,0x00000000c7480000)
 Metaspace       used 99060K, committed 100480K, reserved 1179648K
  class space    used 10119K, committed 10752K, reserved 1048576K
}
Event: 5013.563 GC heap after
{Heap after GC invocations=2288 (full 53):
 PSYoungGen      total 8704K, used 288K [0x00000000eab00000, 0x00000000eb500000, 0x0000000100000000)
  eden space 7168K, 0% used [0x00000000eab00000,0x00000000eab00000,0x00000000eb200000)
  from space 1536K, 18% used [0x00000000eb200000,0x00000000eb248020,0x00000000eb380000)
  to   space 512K, 0% used [0x00000000eb480000,0x00000000eb480000,0x00000000eb500000)
 ParOldGen       total 119296K, used 103249K [0x00000000c0000000, 0x00000000c7480000, 0x00000000eab00000)
  object space 119296K, 86% used [0x00000000c0000000,0x00000000c64d45d0,0x00000000c7480000)
 Metaspace       used 99060K, committed 100480K, reserved 1179648K
  class space    used 10119K, committed 10752K, reserved 1048576K
}
Event: 5013.568 GC heap before
{Heap before GC invocations=2289 (full 53):
 PSYoungGen      total 8704K, used 7456K [0x00000000eab00000, 0x00000000eb500000, 0x0000000100000000)
  eden space 7168K, 100% used [0x00000000eab00000,0x00000000eb200000,0x00000000eb200000)
  from space 1536K, 18% used [0x00000000eb200000,0x00000000eb248020,0x00000000eb380000)
  to   space 512K, 0% used [0x00000000eb480000,0x00000000eb480000,0x00000000eb500000)
 ParOldGen       total 119296K, used 103249K [0x00000000c0000000, 0x00000000c7480000, 0x00000000eab00000)
  object space 119296K, 86% used [0x00000000c0000000,0x00000000c64d45d0,0x00000000c7480000)
 Metaspace       used 99060K, committed 100480K, reserved 1179648K
  class space    used 10119K, committed 10752K, reserved 1048576K
}
Event: 5013.570 GC heap after
{Heap after GC invocations=2289 (full 53):
 PSYoungGen      total 7680K, used 485K [0x00000000eab00000, 0x00000000eb500000, 0x0000000100000000)
  eden space 7168K, 0% used [0x00000000eab00000,0x00000000eab00000,0x00000000eb200000)
  from space 512K, 94% used [0x00000000eb480000,0x00000000eb4f9798,0x00000000eb500000)
  to   space 1024K, 0% used [0x00000000eb300000,0x00000000eb300000,0x00000000eb400000)
 ParOldGen       total 119296K, used 103476K [0x00000000c0000000, 0x00000000c7480000, 0x00000000eab00000)
  object space 119296K, 86% used [0x00000000c0000000,0x00000000c650d1c8,0x00000000c7480000)
 Metaspace       used 99060K, committed 100480K, reserved 1179648K
  class space    used 10119K, committed 10752K, reserved 1048576K
}
Event: 5013.573 GC heap before
{Heap before GC invocations=2290 (full 53):
 PSYoungGen      total 7680K, used 7640K [0x00000000eab00000, 0x00000000eb500000, 0x0000000100000000)
  eden space 7168K, 99% used [0x00000000eab00000,0x00000000eb1fc970,0x00000000eb200000)
  from space 512K, 94% used [0x00000000eb480000,0x00000000eb4f9798,0x00000000eb500000)
  to   space 1024K, 0% used [0x00000000eb300000,0x00000000eb300000,0x00000000eb400000)
 ParOldGen       total 119296K, used 103476K [0x00000000c0000000, 0x00000000c7480000, 0x00000000eab00000)
  object space 119296K, 86% used [0x00000000c0000000,0x00000000c650d1c8,0x00000000c7480000)
 Metaspace       used 99060K, committed 100480K, reserved 1179648K
  class space    used 10119K, committed 10752K, reserved 1048576K
}
Event: 5013.575 GC heap after
{Heap after GC invocations=2290 (full 53):
 PSYoungGen      total 9216K, used 544K [0x00000000eab00000, 0x00000000eb580000, 0x0000000100000000)
  eden space 8192K, 0% used [0x00000000eab00000,0x00000000eab00000,0x00000000eb300000)
  from space 1024K, 53% used [0x00000000eb300000,0x00000000eb388000,0x00000000eb400000)
  to   space 1024K, 0% used [0x00000000eb480000,0x00000000eb480000,0x00000000eb580000)
 ParOldGen       total 119296K, used 104444K [0x00000000c0000000, 0x00000000c7480000, 0x00000000eab00000)
  object space 119296K, 87% used [0x00000000c0000000,0x00000000c65ff2e0,0x00000000c7480000)
 Metaspace       used 99060K, committed 100480K, reserved 1179648K
  class space    used 10119K, committed 10752K, reserved 1048576K
}
Event: 5013.581 GC heap before
{Heap before GC invocations=2291 (full 53):
 PSYoungGen      total 9216K, used 8736K [0x00000000eab00000, 0x00000000eb580000, 0x0000000100000000)
  eden space 8192K, 100% used [0x00000000eab00000,0x00000000eb300000,0x00000000eb300000)
  from space 1024K, 53% used [0x00000000eb300000,0x00000000eb388000,0x00000000eb400000)
  to   space 1024K, 0% used [0x00000000eb480000,0x00000000eb480000,0x00000000eb580000)
 ParOldGen       total 119296K, used 104444K [0x00000000c0000000, 0x00000000c7480000, 0x00000000eab00000)
  object space 119296K, 87% used [0x00000000c0000000,0x00000000c65ff2e0,0x00000000c7480000)
 Metaspace       used 99063K, committed 100480K, reserved 1179648K
  class space    used 10119K, committed 10752K, reserved 1048576K
}
Event: 5013.582 GC heap after
{Heap after GC invocations=2291 (full 53):
 PSYoungGen      total 10240K, used 306K [0x00000000eab00000, 0x00000000eb600000, 0x0000000100000000)
  eden space 9216K, 0% used [0x00000000eab00000,0x00000000eab00000,0x00000000eb400000)
  from space 1024K, 29% used [0x00000000eb480000,0x00000000eb4ccbd8,0x00000000eb580000)
  to   space 512K, 0% used [0x00000000eb400000,0x00000000eb400000,0x00000000eb480000)
 ParOldGen       total 119296K, used 104580K [0x00000000c0000000, 0x00000000c7480000, 0x00000000eab00000)
  object space 119296K, 87% used [0x00000000c0000000,0x00000000c66212e0,0x00000000c7480000)
 Metaspace       used 99063K, committed 100480K, reserved 1179648K
  class space    used 10119K, committed 10752K, reserved 1048576K
}
Event: 5013.587 GC heap before
{Heap before GC invocations=2292 (full 53):
 PSYoungGen      total 10240K, used 9522K [0x00000000eab00000, 0x00000000eb600000, 0x0000000100000000)
  eden space 9216K, 100% used [0x00000000eab00000,0x00000000eb400000,0x00000000eb400000)
  from space 1024K, 29% used [0x00000000eb480000,0x00000000eb4ccbd8,0x00000000eb580000)
  to   space 512K, 0% used [0x00000000eb400000,0x00000000eb400000,0x00000000eb480000)
 ParOldGen       total 119296K, used 104580K [0x00000000c0000000, 0x00000000c7480000, 0x00000000eab00000)
  object space 119296K, 87% used [0x00000000c0000000,0x00000000c66212e0,0x00000000c7480000)
 Metaspace       used 99068K, committed 100480K, reserved 1179648K
  class space    used 10119K, committed 10752K, reserved 1048576K
}
Event: 5013.590 GC heap after
{Heap after GC invocations=2292 (full 53):
 PSYoungGen      total 9728K, used 512K [0x00000000eab00000, 0x00000000eb800000, 0x0000000100000000)
  eden space 9216K, 0% used [0x00000000eab00000,0x00000000eab00000,0x00000000eb400000)
  from space 512K, 100% used [0x00000000eb400000,0x00000000eb480000,0x00000000eb480000)
  to   space 1024K, 0% used [0x00000000eb700000,0x00000000eb700000,0x00000000eb800000)
 ParOldGen       total 119296K, used 104925K [0x00000000c0000000, 0x00000000c7480000, 0x00000000eab00000)
  object space 119296K, 87% used [0x00000000c0000000,0x00000000c66777f8,0x00000000c7480000)
 Metaspace       used 99068K, committed 100480K, reserved 1179648K
  class space    used 10119K, committed 10752K, reserved 1048576K
}
Event: 5013.597 GC heap before
{Heap before GC invocations=2293 (full 53):
 PSYoungGen      total 9728K, used 9728K [0x00000000eab00000, 0x00000000eb800000, 0x0000000100000000)
  eden space 9216K, 100% used [0x00000000eab00000,0x00000000eb400000,0x00000000eb400000)
  from space 512K, 100% used [0x00000000eb400000,0x00000000eb480000,0x00000000eb480000)
  to   space 1024K, 0% used [0x00000000eb700000,0x00000000eb700000,0x00000000eb800000)
 ParOldGen       total 119296K, used 104925K [0x00000000c0000000, 0x00000000c7480000, 0x00000000eab00000)
  object space 119296K, 87% used [0x00000000c0000000,0x00000000c66777f8,0x00000000c7480000)
 Metaspace       used 99070K, committed 100480K, reserved 1179648K
  class space    used 10119K, committed 10752K, reserved 1048576K
}
Event: 5013.598 GC heap after
{Heap after GC invocations=2293 (full 53):
 PSYoungGen      total 12288K, used 352K [0x00000000eab00000, 0x00000000eb800000, 0x0000000100000000)
  eden space 11264K, 0% used [0x00000000eab00000,0x00000000eab00000,0x00000000eb600000)
  from space 1024K, 34% used [0x00000000eb700000,0x00000000eb758000,0x00000000eb800000)
  to   space 1024K, 0% used [0x00000000eb600000,0x00000000eb600000,0x00000000eb700000)
 ParOldGen       total 119296K, used 105451K [0x00000000c0000000, 0x00000000c7480000, 0x00000000eab00000)
  object space 119296K, 88% used [0x00000000c0000000,0x00000000c66fac98,0x00000000c7480000)
 Metaspace       used 99070K, committed 100480K, reserved 1179648K
  class space    used 10119K, committed 10752K, reserved 1048576K
}
Event: 5013.605 GC heap before
{Heap before GC invocations=2294 (full 53):
 PSYoungGen      total 12288K, used 11586K [0x00000000eab00000, 0x00000000eb800000, 0x0000000100000000)
  eden space 11264K, 99% used [0x00000000eab00000,0x00000000eb5f8868,0x00000000eb600000)
  from space 1024K, 34% used [0x00000000eb700000,0x00000000eb758000,0x00000000eb800000)
  to   space 1024K, 0% used [0x00000000eb600000,0x00000000eb600000,0x00000000eb700000)
 ParOldGen       total 119296K, used 105451K [0x00000000c0000000, 0x00000000c7480000, 0x00000000eab00000)
  object space 119296K, 88% used [0x00000000c0000000,0x00000000c66fac98,0x00000000c7480000)
 Metaspace       used 99070K, committed 100480K, reserved 1179648K
  class space    used 10119K, committed 10752K, reserved 1048576K
}
Event: 5013.606 GC heap after
{Heap after GC invocations=2294 (full 53):
 PSYoungGen      total 12288K, used 64K [0x00000000eab00000, 0x00000000eb980000, 0x0000000100000000)
  eden space 11264K, 0% used [0x00000000eab00000,0x00000000eab00000,0x00000000eb600000)
  from space 1024K, 6% used [0x00000000eb600000,0x00000000eb610000,0x00000000eb700000)
  to   space 512K, 0% used [0x00000000eb900000,0x00000000eb900000,0x00000000eb980000)
 ParOldGen       total 119296K, used 105669K [0x00000000c0000000, 0x00000000c7480000, 0x00000000eab00000)
  object space 119296K, 88% used [0x00000000c0000000,0x00000000c6731628,0x00000000c7480000)
 Metaspace       used 99070K, committed 100480K, reserved 1179648K
  class space    used 10119K, committed 10752K, reserved 1048576K
}
Event: 5013.613 GC heap before
{Heap before GC invocations=2295 (full 53):
 PSYoungGen      total 12288K, used 11307K [0x00000000eab00000, 0x00000000eb980000, 0x0000000100000000)
  eden space 11264K, 99% used [0x00000000eab00000,0x00000000eb5faf00,0x00000000eb600000)
  from space 1024K, 6% used [0x00000000eb600000,0x00000000eb610000,0x00000000eb700000)
  to   space 512K, 0% used [0x00000000eb900000,0x00000000eb900000,0x00000000eb980000)
 ParOldGen       total 119296K, used 105669K [0x00000000c0000000, 0x00000000c7480000, 0x00000000eab00000)
  object space 119296K, 88% used [0x00000000c0000000,0x00000000c6731628,0x00000000c7480000)
 Metaspace       used 99070K, committed 100480K, reserved 1179648K
  class space    used 10119K, committed 10752K, reserved 1048576K
}
Event: 5013.614 GC heap after
{Heap after GC invocations=2295 (full 53):
 PSYoungGen      total 11776K, used 160K [0x00000000eab00000, 0x00000000eb980000, 0x0000000100000000)
  eden space 11264K, 0% used [0x00000000eab00000,0x00000000eab00000,0x00000000eb600000)
  from space 512K, 31% used [0x00000000eb900000,0x00000000eb928000,0x00000000eb980000)
  to   space 512K, 0% used [0x00000000eb880000,0x00000000eb880000,0x00000000eb900000)
 ParOldGen       total 119296K, used 105701K [0x00000000c0000000, 0x00000000c7480000, 0x00000000eab00000)
  object space 119296K, 88% used [0x00000000c0000000,0x00000000c6739628,0x00000000c7480000)
 Metaspace       used 99070K, committed 100480K, reserved 1179648K
  class space    used 10119K, committed 10752K, reserved 1048576K
}
Event: 5013.736 GC heap before
{Heap before GC invocations=2296 (full 53):
 PSYoungGen      total 11776K, used 11424K [0x00000000eab00000, 0x00000000eb980000, 0x0000000100000000)
  eden space 11264K, 100% used [0x00000000eab00000,0x00000000eb600000,0x00000000eb600000)
  from space 512K, 31% used [0x00000000eb900000,0x00000000eb928000,0x00000000eb980000)
  to   space 512K, 0% used [0x00000000eb880000,0x00000000eb880000,0x00000000eb900000)
 ParOldGen       total 119296K, used 105701K [0x00000000c0000000, 0x00000000c7480000, 0x00000000eab00000)
  object space 119296K, 88% used [0x00000000c0000000,0x00000000c6739628,0x00000000c7480000)
 Metaspace       used 99071K, committed 100480K, reserved 1179648K
  class space    used 10119K, committed 10752K, reserved 1048576K
}
Event: 5013.739 GC heap after
{Heap after GC invocations=2296 (full 53):
 PSYoungGen      total 11776K, used 502K [0x00000000eab00000, 0x00000000ebc00000, 0x0000000100000000)
  eden space 11264K, 0% used [0x00000000eab00000,0x00000000eab00000,0x00000000eb600000)
  from space 512K, 98% used [0x00000000eb880000,0x00000000eb8fdbf0,0x00000000eb900000)
  to   space 3072K, 0% used [0x00000000eb900000,0x00000000eb900000,0x00000000ebc00000)
 ParOldGen       total 119296K, used 107426K [0x00000000c0000000, 0x00000000c7480000, 0x00000000eab00000)
  object space 119296K, 90% used [0x00000000c0000000,0x00000000c68e8840,0x00000000c7480000)
 Metaspace       used 99071K, committed 100480K, reserved 1179648K
  class space    used 10119K, committed 10752K, reserved 1048576K
}
Event: 5013.807 GC heap before
{Heap before GC invocations=2297 (full 53):
 PSYoungGen      total 11776K, used 11766K [0x00000000eab00000, 0x00000000ebc00000, 0x0000000100000000)
  eden space 11264K, 100% used [0x00000000eab00000,0x00000000eb600000,0x00000000eb600000)
  from space 512K, 98% used [0x00000000eb880000,0x00000000eb8fdbf0,0x00000000eb900000)
  to   space 3072K, 0% used [0x00000000eb900000,0x00000000eb900000,0x00000000ebc00000)
 ParOldGen       total 119296K, used 107426K [0x00000000c0000000, 0x00000000c7480000, 0x00000000eab00000)
  object space 119296K, 90% used [0x00000000c0000000,0x00000000c68e8840,0x00000000c7480000)
 Metaspace       used 99073K, committed 100480K, reserved 1179648K
  class space    used 10119K, committed 10752K, reserved 1048576K
}

